Using pre-set license
Built from '2020.3/staging' branch; Version is '2020.3.3f1 (76626098c1c4) revision 7758432'; Using compiler version '192528614'; Build Type 'Release'
OS: 'Windows 10 Pro; OS build 19042.928; Version 2009; 64bit' Language: 'ko' Physical Memory: 16201 MB
BatchMode: 1, IsHumanControllingUs: 0, StartBugReporterOnCrash: 0, Is64bit: 1, IsPro: 0

 COMMAND LINE ARGUMENTS:
C:\Program Files\Unity\Hub\Editor\2020.3.3f1\Editor\Unity.exe
-adb2
-batchMode
-noUpm
-name
AssetImportWorker0
-projectPath
C:/Users/pnu/Desktop/Unity_Test/Unity_Final/드론 부산대 환경
-logFile
Logs/AssetImportWorker0.log
-srvPort
59965
Successfully changed project path to: C:/Users/pnu/Desktop/Unity_Test/Unity_Final/드론 부산대 환경
C:/Users/pnu/Desktop/Unity_Test/Unity_Final/드론 부산대 환경
Using Asset Import Pipeline V2.
Refreshing native plugins compatible for Editor in 63.81 ms, found 1 plugins.
Preloading 0 native plugins for Editor in 0.00 ms.
Initialize engine version: 2020.3.3f1 (76626098c1c4)
[Subsystems] Discovering subsystems at path C:/Program Files/Unity/Hub/Editor/2020.3.3f1/Editor/Data/Resources/UnitySubsystems
[Subsystems] Discovering subsystems at path C:/Users/pnu/Desktop/Unity_Test/Unity_Final/드론 부산대 환경/Assets
GfxDevice: creating device client; threaded=0
Direct3D:
    Version:  Direct3D 11.0 [level 11.1]
    Renderer: NVIDIA GeForce RTX 2060 (ID=0x1f15)
    Vendor:   
    VRAM:     5980 MB
    Driver:   27.21.14.6140
Initialize mono
Mono path[0] = 'C:/Program Files/Unity/Hub/Editor/2020.3.3f1/Editor/Data/Managed'
Mono path[1] = 'C:/Program Files/Unity/Hub/Editor/2020.3.3f1/Editor/Data/MonoBleedingEdge/lib/mono/unityjit'
Mono config path = 'C:/Program Files/Unity/Hub/Editor/2020.3.3f1/Editor/Data/MonoBleedingEdge/etc'
Using monoOptions --debugger-agent=transport=dt_socket,embedding=1,server=y,suspend=n,address=127.0.0.1:56640
Begin MonoManager ReloadAssembly
Registering precompiled unity dll's ...
Register platform support module: C:/Program Files/Unity/Hub/Editor/2020.3.3f1/Editor/Data/PlaybackEngines/WebGLSupport/UnityEditor.WebGL.Extensions.dll
Register platform support module: C:/Program Files/Unity/Hub/Editor/2020.3.3f1/Editor/Data/PlaybackEngines/WindowsStandaloneSupport/UnityEditor.WindowsStandalone.Extensions.dll
Registered in 0.008028 seconds.
Native extension for WindowsStandalone target not found
Native extension for WebGL target not found
Refreshing native plugins compatible for Editor in 54.03 ms, found 1 plugins.
Preloading 0 native plugins for Editor in 0.00 ms.
Invoked RoslynAnalysisRunner static constructor.
RoslynAnalysisRunner will not be running.
RoslynAnalysisRunner has terminated.
Mono: successfully reloaded assembly
- Completed reload, in  1.258 seconds
Platform modules already initialized, skipping
Registering precompiled user dll's ...
Registered in 0.008893 seconds.
Begin MonoManager ReloadAssembly
Native extension for WindowsStandalone target not found
Native extension for WebGL target not found
Refreshing native plugins compatible for Editor in 60.09 ms, found 1 plugins.
Preloading 0 native plugins for Editor in 0.00 ms.
Invoked RoslynAnalysisRunner static constructor.
RoslynAnalysisRunner will not be running.
RoslynAnalysisRunner has terminated.
Mono: successfully reloaded assembly
- Completed reload, in  1.656 seconds
Platform modules already initialized, skipping
========================================================================
Worker process is ready to serve import requests
Launched and connected shader compiler UnityShaderCompiler.exe after 0.05 seconds
Refreshing native plugins compatible for Editor in 0.60 ms, found 1 plugins.
Preloading 0 native plugins for Editor in 0.00 ms.
Unloading 2014 Unused Serialized files (Serialized files now loaded: 0)
System memory in use before: 158.5 MB.
System memory in use after: 158.6 MB.

Unloading 24 unused Assets to reduce memory usage. Loaded Objects now: 2474.
Total: 2.946100 ms (FindLiveObjects: 0.469900 ms CreateObjectMapping: 0.168500 ms MarkObjects: 2.178500 ms  DeleteObjects: 0.128400 ms)

========================================================================
Received Import Request.
  path: Assets/CarmeraFollow.cs
  artifactKey: Guid(9db9fa87f3de26a4b95b631012371276) Importer(815301076,1909f56bfc062723c751e8b465ee728b)
Start importing Assets/CarmeraFollow.cs using Guid(9db9fa87f3de26a4b95b631012371276) Importer(815301076,1909f56bfc062723c751e8b465ee728b)  -> (artifact id: '61c586cc9e8369d963f6f6eee0da38b1') in 0.032463 seconds
  Import took 0.044414 seconds .

========================================================================
Received Import Request.
  Time since last request: 0.000233 seconds.
  path: Assets/Stylized_Human_Male/Prefab
  artifactKey: Guid(9559af876a622b146ab858a61e00aac8) Importer(815301076,1909f56bfc062723c751e8b465ee728b)
Start importing Assets/Stylized_Human_Male/Prefab using Guid(9559af876a622b146ab858a61e00aac8) Importer(815301076,1909f56bfc062723c751e8b465ee728b)  -> (artifact id: '4f8bff7db43709ae037fe68ed1bc8779') in 0.003605 seconds
  Import took 0.006146 seconds .

========================================================================
Received Import Request.
  Time since last request: 0.000198 seconds.
  path: Assets/Stylized_Human_Male/Meshes
  artifactKey: Guid(92e0cf51432bc474e8bedb6d3bceaff1) Importer(815301076,1909f56bfc062723c751e8b465ee728b)
Start importing Assets/Stylized_Human_Male/Meshes using Guid(92e0cf51432bc474e8bedb6d3bceaff1) Importer(815301076,1909f56bfc062723c751e8b465ee728b)  -> (artifact id: '921aa96f89955f384da6f13dee5671e0') in 0.004224 seconds
  Import took 0.007292 seconds .

========================================================================
Received Import Request.
  Time since last request: 0.000175 seconds.
  path: Assets/Stylized_Human_Male
  artifactKey: Guid(16a4868e64af53e40978ff81f2a7c880) Importer(815301076,1909f56bfc062723c751e8b465ee728b)
Start importing Assets/Stylized_Human_Male using Guid(16a4868e64af53e40978ff81f2a7c880) Importer(815301076,1909f56bfc062723c751e8b465ee728b)  -> (artifact id: '1002983a8ed9681a88cf85104e0e2f05') in 0.005743 seconds
  Import took 0.009640 seconds .

========================================================================
Received Import Request.
  Time since last request: 0.103037 seconds.
  path: Assets/Stylized_Human_Male/Prefab/Stylized_Human_Male_1_Skin Variant.prefab
  artifactKey: Guid(6c8863011b2c4d4448fcc4c0b2c5d479) Importer(815301076,1909f56bfc062723c751e8b465ee728b)
Start importing Assets/Stylized_Human_Male/Prefab/Stylized_Human_Male_1_Skin Variant.prefab using Guid(6c8863011b2c4d4448fcc4c0b2c5d479) Importer(815301076,1909f56bfc062723c751e8b465ee728b)  -> (artifact id: 'a78f34648835ce9bb2dd6fd6ec901a06') in 0.437976 seconds
  Import took 0.453231 seconds .

========================================================================
Received Import Request.
  Time since last request: 0.441148 seconds.
  path: Assets/Stylized_Human_Male/Prefab/Stylized_Human_Male_2_Skin Variant.prefab
  artifactKey: Guid(c43c2e69388ed2542b4feefa9382aac7) Importer(815301076,1909f56bfc062723c751e8b465ee728b)
Start importing Assets/Stylized_Human_Male/Prefab/Stylized_Human_Male_2_Skin Variant.prefab using Guid(c43c2e69388ed2542b4feefa9382aac7) Importer(815301076,1909f56bfc062723c751e8b465ee728b)  -> (artifact id: '9a5604426bdd015a34913e1d6d9eaa81') in 0.128306 seconds
  Import took 0.137999 seconds .

========================================================================
Received Import Request.
  Time since last request: 149.261401 seconds.
  path: Assets/Stylized_Human_Male/Prefab/Stylized_Human_Male_3_Skin Variant.prefab
  artifactKey: Guid(01667e6be40adf148bd98ddcbbd3f220) Importer(815301076,1909f56bfc062723c751e8b465ee728b)
Start importing Assets/Stylized_Human_Male/Prefab/Stylized_Human_Male_3_Skin Variant.prefab using Guid(01667e6be40adf148bd98ddcbbd3f220) Importer(815301076,1909f56bfc062723c751e8b465ee728b)  -> (artifact id: 'e39facc76b3da28fb7ef676554058dd2') in 0.125210 seconds
  Import took 0.134927 seconds .

========================================================================
Received Prepare
Registering precompiled user dll's ...
Registered in 0.007763 seconds.
Begin MonoManager ReloadAssembly
Native extension for WindowsStandalone target not found
Native extension for WebGL target not found
Refreshing native plugins compatible for Editor in 0.62 ms, found 1 plugins.
Preloading 0 native plugins for Editor in 0.00 ms.
Invoked RoslynAnalysisRunner static constructor.
RoslynAnalysisRunner will not be running.
RoslynAnalysisRunner has terminated.
Mono: successfully reloaded assembly
- Completed reload, in  1.097 seconds
Platform modules already initialized, skipping
Refreshing native plugins compatible for Editor in 0.61 ms, found 1 plugins.
Preloading 0 native plugins for Editor in 0.00 ms.
Unloading 1971 Unused Serialized files (Serialized files now loaded: 0)
System memory in use before: 173.2 MB.
System memory in use after: 173.3 MB.

Unloading 17 unused Assets to reduce memory usage. Loaded Objects now: 2486.
Total: 2.177900 ms (FindLiveObjects: 0.273200 ms CreateObjectMapping: 0.101300 ms MarkObjects: 1.764500 ms  DeleteObjects: 0.038200 ms)

========================================================================
Received Prepare
Registering precompiled user dll's ...
Registered in 0.007684 seconds.
Begin MonoManager ReloadAssembly
Native extension for WindowsStandalone target not found
Native extension for WebGL target not found
Refreshing native plugins compatible for Editor in 0.68 ms, found 1 plugins.
Preloading 0 native plugins for Editor in 0.00 ms.
Invoked RoslynAnalysisRunner static constructor.
RoslynAnalysisRunner will not be running.
RoslynAnalysisRunner has terminated.
Mono: successfully reloaded assembly
- Completed reload, in  1.415 seconds
Platform modules already initialized, skipping
Refreshing native plugins compatible for Editor in 0.66 ms, found 1 plugins.
Preloading 0 native plugins for Editor in 0.00 ms.
Unloading 1971 Unused Serialized files (Serialized files now loaded: 0)
System memory in use before: 173.3 MB.
System memory in use after: 173.4 MB.

Unloading 17 unused Assets to reduce memory usage. Loaded Objects now: 2489.
Total: 2.172900 ms (FindLiveObjects: 0.213500 ms CreateObjectMapping: 0.077500 ms MarkObjects: 1.866600 ms  DeleteObjects: 0.014300 ms)

========================================================================
Received Import Request.
  Time since last request: 223.716935 seconds.
  path: Assets/Stylized_Human_Male/Animations/Anim_Death1.fbx
  artifactKey: Guid(0f85a3682f156d647b99d3aaa784ca61) Importer(815301076,1909f56bfc062723c751e8b465ee728b)
Start importing Assets/Stylized_Human_Male/Animations/Anim_Death1.fbx using Guid(0f85a3682f156d647b99d3aaa784ca61) Importer(815301076,1909f56bfc062723c751e8b465ee728b)  -> (artifact id: '52775f441a66666fb3cad649ff6e9fd5') in 0.101096 seconds
  Import took 0.105278 seconds .

========================================================================
Received Import Request.
  Time since last request: 0.599785 seconds.
  path: Assets/Stylized_Human_Male/Animations/Anim_Death2.fbx
  artifactKey: Guid(ef9bca24a7271c94688e52f30a4c4f03) Importer(815301076,1909f56bfc062723c751e8b465ee728b)
Start importing Assets/Stylized_Human_Male/Animations/Anim_Death2.fbx using Guid(ef9bca24a7271c94688e52f30a4c4f03) Importer(815301076,1909f56bfc062723c751e8b465ee728b)  -> (artifact id: 'f1c89e74a16b3257ec6544b193e6142a') in 0.008259 seconds
  Import took 0.012403 seconds .

========================================================================
Received Import Request.
  Time since last request: 1.442454 seconds.
  path: Assets/Stylized_Human_Male/Animations/Anim_Walk_Back.fbx
  artifactKey: Guid(e8e72f8b2cf8d4b45aba0de91b7bd510) Importer(815301076,1909f56bfc062723c751e8b465ee728b)
Start importing Assets/Stylized_Human_Male/Animations/Anim_Walk_Back.fbx using Guid(e8e72f8b2cf8d4b45aba0de91b7bd510) Importer(815301076,1909f56bfc062723c751e8b465ee728b)  -> (artifact id: '9164ef3d09d68548ae12123d5e9519fa') in 0.008055 seconds
  Import took 0.011605 seconds .

========================================================================
Received Import Request.
  Time since last request: 0.293936 seconds.
  path: Assets/Stylized_Human_Male/Animations/Anim_Take.fbx
  artifactKey: Guid(0ae8beb51f4e1134e95d7be85a700d4c) Importer(815301076,1909f56bfc062723c751e8b465ee728b)
Start importing Assets/Stylized_Human_Male/Animations/Anim_Take.fbx using Guid(0ae8beb51f4e1134e95d7be85a700d4c) Importer(815301076,1909f56bfc062723c751e8b465ee728b)  -> (artifact id: '7bea4113f5a70a27257ca921c4171130') in 0.008485 seconds
  Import took 0.012174 seconds .

========================================================================
Received Import Request.
  Time since last request: 8.786281 seconds.
  path: Assets/Stylized_Human_Male/Materials
  artifactKey: Guid(6dbfce7675b1471489b34d8d8b3a55c8) Importer(815301076,1909f56bfc062723c751e8b465ee728b)
Start importing Assets/Stylized_Human_Male/Materials using Guid(6dbfce7675b1471489b34d8d8b3a55c8) Importer(815301076,1909f56bfc062723c751e8b465ee728b)  -> (artifact id: '6bae3c660af35a2a3a8457cc72745624') in 0.005076 seconds
  Import took 0.008485 seconds .

========================================================================
Received Import Request.
  Time since last request: 0.966267 seconds.
  path: Assets/Stylized_Human_Male/Scenes
  artifactKey: Guid(85c302b8e53c8ed40b8e6178e4a5d398) Importer(815301076,1909f56bfc062723c751e8b465ee728b)
Start importing Assets/Stylized_Human_Male/Scenes using Guid(85c302b8e53c8ed40b8e6178e4a5d398) Importer(815301076,1909f56bfc062723c751e8b465ee728b)  -> (artifact id: 'ae79fe574f0f7b0affed970d96191d1d') in 0.004432 seconds
  Import took 0.007877 seconds .

========================================================================
Received Import Request.
  Time since last request: 1.095831 seconds.
  path: Assets/Stylized_Human_Male/Scenes/Stylized_Human_Male_Scene.unity
  artifactKey: Guid(74762f238fb3c4a4280374b6523c6796) Importer(815301076,1909f56bfc062723c751e8b465ee728b)
Start importing Assets/Stylized_Human_Male/Scenes/Stylized_Human_Male_Scene.unity using Guid(74762f238fb3c4a4280374b6523c6796) Importer(815301076,1909f56bfc062723c751e8b465ee728b)  -> (artifact id: '6bd986e43c8bda80a81fc949af00ecdc') in 0.005164 seconds
  Import took 0.008726 seconds .

========================================================================
Received Import Request.
  Time since last request: 158.953156 seconds.
  path: Assets/Stylized_Human_Male/Animations/Anim_Stels_Walk_Back.fbx
  artifactKey: Guid(6257919018b9ccc47bea508d5395a92b) Importer(815301076,1909f56bfc062723c751e8b465ee728b)
Start importing Assets/Stylized_Human_Male/Animations/Anim_Stels_Walk_Back.fbx using Guid(6257919018b9ccc47bea508d5395a92b) Importer(815301076,1909f56bfc062723c751e8b465ee728b)  -> (artifact id: 'efb7cd61773f9f43f7a7c982a42d61dd') in 0.008694 seconds
  Import took 0.012445 seconds .

========================================================================
Received Import Request.
  Time since last request: 0.007383 seconds.
  path: Assets/Stylized_Human_Male/Animations/Anim_Stels_Walk_Back.fbx
  artifactKey: Guid(6257919018b9ccc47bea508d5395a92b) Importer(815301076,1909f56bfc062723c751e8b465ee728b)
Start importing Assets/Stylized_Human_Male/Animations/Anim_Stels_Walk_Back.fbx using Guid(6257919018b9ccc47bea508d5395a92b) Importer(815301076,1909f56bfc062723c751e8b465ee728b)  -> (artifact id: 'efb7cd61773f9f43f7a7c982a42d61dd') in 0.009114 seconds
  Import took 0.013803 seconds .

========================================================================
Received Import Request.
  Time since last request: 0.590476 seconds.
  path: Assets/Stylized_Human_Male/Animations/Anim_Run.fbx
  artifactKey: Guid(e7392901486ddc14e96926e1057b4c58) Importer(815301076,1909f56bfc062723c751e8b465ee728b)
Start importing Assets/Stylized_Human_Male/Animations/Anim_Run.fbx using Guid(e7392901486ddc14e96926e1057b4c58) Importer(815301076,1909f56bfc062723c751e8b465ee728b)  -> (artifact id: '67d325eace6285bd0c4ceb545524a22f') in 0.009180 seconds
  Import took 0.022414 seconds .

========================================================================
Received Import Request.
  Time since last request: 0.001249 seconds.
  path: Assets/Stylized_Human_Male/Animations/Anim_Run.fbx
  artifactKey: Guid(e7392901486ddc14e96926e1057b4c58) Importer(815301076,1909f56bfc062723c751e8b465ee728b)
Start importing Assets/Stylized_Human_Male/Animations/Anim_Run.fbx using Guid(e7392901486ddc14e96926e1057b4c58) Importer(815301076,1909f56bfc062723c751e8b465ee728b)  -> (artifact id: '67d325eace6285bd0c4ceb545524a22f') in 0.009679 seconds
  Import took 0.013889 seconds .

========================================================================
Received Prepare
Registering precompiled user dll's ...
Registered in 0.008566 seconds.
Begin MonoManager ReloadAssembly
Native extension for WindowsStandalone target not found
Native extension for WebGL target not found
Refreshing native plugins compatible for Editor in 0.73 ms, found 1 plugins.
Preloading 0 native plugins for Editor in 0.00 ms.
Invoked RoslynAnalysisRunner static constructor.
RoslynAnalysisRunner will not be running.
RoslynAnalysisRunner has terminated.
Mono: successfully reloaded assembly
- Completed reload, in  1.089 seconds
Platform modules already initialized, skipping
Refreshing native plugins compatible for Editor in 0.61 ms, found 1 plugins.
Preloading 0 native plugins for Editor in 0.00 ms.
Unloading 1971 Unused Serialized files (Serialized files now loaded: 0)
System memory in use before: 173.4 MB.
System memory in use after: 173.5 MB.

Unloading 17 unused Assets to reduce memory usage. Loaded Objects now: 2492.
Total: 2.816900 ms (FindLiveObjects: 0.396800 ms CreateObjectMapping: 0.285100 ms MarkObjects: 2.111300 ms  DeleteObjects: 0.022500 ms)

========================================================================
Received Import Request.
  Time since last request: 12.685269 seconds.
  path: Assets/Stylized_Human_Male/Animations/Anim_Stels_Walk.fbx
  artifactKey: Guid(1d5114c24e0aafa4ca9481e2ae8735d3) Importer(815301076,1909f56bfc062723c751e8b465ee728b)
Start importing Assets/Stylized_Human_Male/Animations/Anim_Stels_Walk.fbx using Guid(1d5114c24e0aafa4ca9481e2ae8735d3) Importer(815301076,1909f56bfc062723c751e8b465ee728b)  -> (artifact id: '1540a2f112028b24e7d10f28c6492d84') in 0.039069 seconds
  Import took 0.042625 seconds .

========================================================================
Received Import Request.
  Time since last request: 0.316902 seconds.
  path: Assets/Stylized_Human_Male/Animations/Anim_Get_Hit2.fbx
  artifactKey: Guid(b9f5d18c94577cf4aa405c67cb4905c5) Importer(815301076,1909f56bfc062723c751e8b465ee728b)
Start importing Assets/Stylized_Human_Male/Animations/Anim_Get_Hit2.fbx using Guid(b9f5d18c94577cf4aa405c67cb4905c5) Importer(815301076,1909f56bfc062723c751e8b465ee728b)  -> (artifact id: 'bd29e36d26c968144e03a6a6969192bd') in 0.008480 seconds
  Import took 0.019766 seconds .

========================================================================
Received Import Request.
  Time since last request: 12.497968 seconds.
  path: Assets/Stylized_Human_Male/Animations/Anim_Walk.fbx
  artifactKey: Guid(11ce0aecec39d5a4a8643fd3d7342a9a) Importer(815301076,1909f56bfc062723c751e8b465ee728b)
Start importing Assets/Stylized_Human_Male/Animations/Anim_Walk.fbx using Guid(11ce0aecec39d5a4a8643fd3d7342a9a) Importer(815301076,1909f56bfc062723c751e8b465ee728b)  -> (artifact id: 'de3f4eabf399c1e7b05dc54b40729d05') in 0.008219 seconds
  Import took 0.020597 seconds .

========================================================================
Received Import Request.
  Time since last request: 0.000556 seconds.
  path: Assets/Stylized_Human_Male/Animations/Anim_Walk.fbx
  artifactKey: Guid(11ce0aecec39d5a4a8643fd3d7342a9a) Importer(815301076,1909f56bfc062723c751e8b465ee728b)
Start importing Assets/Stylized_Human_Male/Animations/Anim_Walk.fbx using Guid(11ce0aecec39d5a4a8643fd3d7342a9a) Importer(815301076,1909f56bfc062723c751e8b465ee728b)  -> (artifact id: 'de3f4eabf399c1e7b05dc54b40729d05') in 0.007515 seconds
  Import took 0.010972 seconds .

========================================================================
Received Import Request.
  Time since last request: 104.078154 seconds.
  path: Assets/Stylized_Human_Male/Animations/Anim_Walk_Left.fbx
  artifactKey: Guid(2f808e4922707f247a9d35987e172b25) Importer(815301076,1909f56bfc062723c751e8b465ee728b)
Start importing Assets/Stylized_Human_Male/Animations/Anim_Walk_Left.fbx using Guid(2f808e4922707f247a9d35987e172b25) Importer(815301076,1909f56bfc062723c751e8b465ee728b)  -> (artifact id: '5e82dc4799e5ed047d0df6576d7c28af') in 0.010056 seconds
  Import took 0.015611 seconds .

========================================================================
Received Import Request.
  Time since last request: 0.390424 seconds.
  path: Assets/Stylized_Human_Male/Animations/Anim_Walk_Right.fbx
  artifactKey: Guid(d829ac4d4518198468c3396cfff574ce) Importer(815301076,1909f56bfc062723c751e8b465ee728b)
Start importing Assets/Stylized_Human_Male/Animations/Anim_Walk_Right.fbx using Guid(d829ac4d4518198468c3396cfff574ce) Importer(815301076,1909f56bfc062723c751e8b465ee728b)  -> (artifact id: '12921a29f679e3245db854c74aecab96') in 0.008625 seconds
  Import took 0.013435 seconds .

========================================================================
Received Import Request.
  Time since last request: 2.887459 seconds.
  path: Assets/Stylized_Human_Male/Animations
  artifactKey: Guid(57285564e36e8174ebc22301def24f66) Importer(815301076,1909f56bfc062723c751e8b465ee728b)
Start importing Assets/Stylized_Human_Male/Animations using Guid(57285564e36e8174ebc22301def24f66) Importer(815301076,1909f56bfc062723c751e8b465ee728b)  -> (artifact id: 'd47298ee55b3c3fd971d07e17cb201a7') in 0.004793 seconds
  Import took 0.008389 seconds .

========================================================================
Received Import Request.
  Time since last request: 5.284858 seconds.
  path: Assets/Stylized_Human_Male/New Animator Controller.controller
  artifactKey: Guid(e3e96f303f5f78247b29a4f496965896) Importer(815301076,1909f56bfc062723c751e8b465ee728b)
Start importing Assets/Stylized_Human_Male/New Animator Controller.controller using Guid(e3e96f303f5f78247b29a4f496965896) Importer(815301076,1909f56bfc062723c751e8b465ee728b)  -> (artifact id: 'ea64dba250636de5236d5fed40a0f939') in 0.029492 seconds
  Import took 0.035162 seconds .

========================================================================
Received Import Request.
  Time since last request: 63.467316 seconds.
  path: Assets/Stylized_Human_Male/Stand
  artifactKey: Guid(93f355ae9cbb2384a83592afd5877856) Importer(815301076,1909f56bfc062723c751e8b465ee728b)
Start importing Assets/Stylized_Human_Male/Stand using Guid(93f355ae9cbb2384a83592afd5877856) Importer(815301076,1909f56bfc062723c751e8b465ee728b)  -> (artifact id: '7dac23b565edd77f88393af8850610c8') in 0.004676 seconds
  Import took 0.007913 seconds .

========================================================================
Received Prepare
Registering precompiled user dll's ...
Registered in 0.009677 seconds.
Begin MonoManager ReloadAssembly
Native extension for WindowsStandalone target not found
Native extension for WebGL target not found
Refreshing native plugins compatible for Editor in 0.73 ms, found 1 plugins.
Preloading 0 native plugins for Editor in 0.00 ms.
Invoked RoslynAnalysisRunner static constructor.
RoslynAnalysisRunner will not be running.
RoslynAnalysisRunner has terminated.
Mono: successfully reloaded assembly
- Completed reload, in  1.066 seconds
Platform modules already initialized, skipping
Refreshing native plugins compatible for Editor in 0.64 ms, found 1 plugins.
Preloading 0 native plugins for Editor in 0.00 ms.
Unloading 1971 Unused Serialized files (Serialized files now loaded: 0)
System memory in use before: 173.4 MB.
System memory in use after: 173.5 MB.

Unloading 17 unused Assets to reduce memory usage. Loaded Objects now: 2495.
Total: 2.501700 ms (FindLiveObjects: 0.299700 ms CreateObjectMapping: 0.088100 ms MarkObjects: 2.096600 ms  DeleteObjects: 0.016300 ms)

========================================================================
Received Prepare
Registering precompiled user dll's ...
Registered in 0.007407 seconds.
Begin MonoManager ReloadAssembly
Native extension for WindowsStandalone target not found
Native extension for WebGL target not found
Refreshing native plugins compatible for Editor in 0.63 ms, found 1 plugins.
Preloading 0 native plugins for Editor in 0.00 ms.
Invoked RoslynAnalysisRunner static constructor.
RoslynAnalysisRunner will not be running.
RoslynAnalysisRunner has terminated.
Mono: successfully reloaded assembly
- Completed reload, in  1.032 seconds
Platform modules already initialized, skipping
Refreshing native plugins compatible for Editor in 0.62 ms, found 1 plugins.
Preloading 0 native plugins for Editor in 0.00 ms.
Unloading 1971 Unused Serialized files (Serialized files now loaded: 0)
System memory in use before: 173.4 MB.
System memory in use after: 173.5 MB.

Unloading 17 unused Assets to reduce memory usage. Loaded Objects now: 2498.
Total: 3.611200 ms (FindLiveObjects: 0.513600 ms CreateObjectMapping: 0.188200 ms MarkObjects: 2.863600 ms  DeleteObjects: 0.044600 ms)

========================================================================
Received Prepare
Registering precompiled user dll's ...
Registered in 0.007796 seconds.
Begin MonoManager ReloadAssembly
Native extension for WindowsStandalone target not found
Native extension for WebGL target not found
Refreshing native plugins compatible for Editor in 0.71 ms, found 1 plugins.
Preloading 0 native plugins for Editor in 0.00 ms.
Invoked RoslynAnalysisRunner static constructor.
RoslynAnalysisRunner will not be running.
RoslynAnalysisRunner has terminated.
Mono: successfully reloaded assembly
- Completed reload, in  1.098 seconds
Platform modules already initialized, skipping
Refreshing native plugins compatible for Editor in 1.08 ms, found 1 plugins.
Preloading 0 native plugins for Editor in 0.00 ms.
Unloading 1971 Unused Serialized files (Serialized files now loaded: 0)
System memory in use before: 173.4 MB.
System memory in use after: 173.6 MB.

Unloading 17 unused Assets to reduce memory usage. Loaded Objects now: 2501.
Total: 2.251100 ms (FindLiveObjects: 0.244600 ms CreateObjectMapping: 0.073300 ms MarkObjects: 1.896300 ms  DeleteObjects: 0.035700 ms)

========================================================================
Received Prepare
Registering precompiled user dll's ...
Registered in 0.010943 seconds.
Begin MonoManager ReloadAssembly
Native extension for WindowsStandalone target not found
Native extension for WebGL target not found
Refreshing native plugins compatible for Editor in 0.68 ms, found 4 plugins.
Preloading 0 native plugins for Editor in 0.00 ms.
Invoked RoslynAnalysisRunner static constructor.
RoslynAnalysisRunner will not be running.
RoslynAnalysisRunner has terminated.
Mono: successfully reloaded assembly
- Completed reload, in  1.261 seconds
Platform modules already initialized, skipping
Refreshing native plugins compatible for Editor in 0.80 ms, found 4 plugins.
Preloading 0 native plugins for Editor in 0.00 ms.
Unloading 2114 Unused Serialized files (Serialized files now loaded: 0)
System memory in use before: 177.9 MB.
System memory in use after: 177.8 MB.

Unloading 30 unused Assets to reduce memory usage. Loaded Objects now: 2634.
Total: 2.581900 ms (FindLiveObjects: 0.269200 ms CreateObjectMapping: 0.110400 ms MarkObjects: 2.036200 ms  DeleteObjects: 0.165200 ms)

========================================================================
Received Prepare
Registering precompiled user dll's ...
Registered in 0.010568 seconds.
Begin MonoManager ReloadAssembly
Native extension for WindowsStandalone target not found
Native extension for WebGL target not found
Refreshing native plugins compatible for Editor in 0.99 ms, found 4 plugins.
Preloading 0 native plugins for Editor in 0.00 ms.
Invoked RoslynAnalysisRunner static constructor.
RoslynAnalysisRunner will not be running.
RoslynAnalysisRunner has terminated.
Mono: successfully reloaded assembly
- Completed reload, in  1.167 seconds
Platform modules already initialized, skipping
Refreshing native plugins compatible for Editor in 0.70 ms, found 4 plugins.
Preloading 0 native plugins for Editor in 0.00 ms.
Unloading 2114 Unused Serialized files (Serialized files now loaded: 0)
System memory in use before: 177.9 MB.
System memory in use after: 177.8 MB.

Unloading 30 unused Assets to reduce memory usage. Loaded Objects now: 2637.
Total: 4.107300 ms (FindLiveObjects: 0.500900 ms CreateObjectMapping: 0.296600 ms MarkObjects: 3.079600 ms  DeleteObjects: 0.229100 ms)

========================================================================
Received Prepare
Registering precompiled user dll's ...
Registered in 0.013565 seconds.
Begin MonoManager ReloadAssembly
Native extension for WindowsStandalone target not found
Native extension for WebGL target not found
Refreshing native plugins compatible for Editor in 0.69 ms, found 4 plugins.
Preloading 0 native plugins for Editor in 0.00 ms.
Invoked RoslynAnalysisRunner static constructor.
RoslynAnalysisRunner will not be running.
RoslynAnalysisRunner has terminated.
Mono: successfully reloaded assembly
- Completed reload, in  1.284 seconds
Platform modules already initialized, skipping
Refreshing native plugins compatible for Editor in 0.76 ms, found 4 plugins.
Preloading 0 native plugins for Editor in 0.00 ms.
Unloading 2114 Unused Serialized files (Serialized files now loaded: 0)
System memory in use before: 177.9 MB.
System memory in use after: 177.8 MB.

Unloading 30 unused Assets to reduce memory usage. Loaded Objects now: 2640.
Total: 2.771400 ms (FindLiveObjects: 0.265600 ms CreateObjectMapping: 0.075100 ms MarkObjects: 2.237000 ms  DeleteObjects: 0.192700 ms)

AssetImportWorkerClient::OnTransportError - code=2 error=End of file
